[    0.000000] Linux version 4.15.0-212-generic (buildd@lcy02-amd64-083) (gcc version 7.5.0 (Ubuntu 7.5.0-3ubuntu1~18.04)) #223-Ubuntu SMP Tue May 23 13:09:22 UTC 2023 (Ubuntu 4.15.0-212.223-generic 4.15.18)
[    0.000000] Command line: BOOT_IMAGE=/boot/vmlinuz-4.15.0-212-generic root=LABEL=cloudimg-rootfs ro console=tty1 console=ttyS0
[    0.000000] KERNEL supported cpus:
[    0.000000]   Intel GenuineIntel
[    0.000000]   AMD AuthenticAMD
[    0.000000]   Centaur CentaurHauls
[    0.000000] x86/fpu: x87 FPU will use FXSAVE
[    0.000000] e820: BIOS-provided physical RAM map:
[    0.000000] BIOS-e820: [mem 0x0000000000000000-0x000000000009fbff] usable
[    0.000000] BIOS-e820: [mem 0x000000000009fc00-0x000000000009ffff] reserved
[    0.000000] BIOS-e820: [mem 0x00000000000f0000-0x00000000000fffff] reserved
[    0.000000] BIOS-e820: [mem 0x0000000000100000-0x000000000ffeffff] usable
[    0.000000] BIOS-e820: [mem 0x000000000fff0000-0x000000000fffffff] ACPI data
[    0.000000] BIOS-e820: [mem 0x00000000fec00000-0x00000000fec00fff] reserved
[    0.000000] BIOS-e820: [mem 0x00000000fee00000-0x00000000fee00fff] reserved
[    0.000000] BIOS-e820: [mem 0x00000000fffc0000-0x00000000ffffffff] reserved
[    0.000000] NX (Execute Disable) protection: active
[    0.000000] SMBIOS 2.5 present.
[    0.000000] DMI: innotek GmbH VirtualBox/VirtualBox, BIOS VirtualBox 12/01/2006
[    0.000000] Hypervisor detected: KVM
[    0.000000] e820: last_pfn = 0xfff0 max_arch_pfn = 0x400000000
[    0.000000] MTRR: Disabled
[    0.000000] x86/PAT: MTRRs disabled, skipping PAT initialization too.
[    0.000000] CPU MTRRs all blank - virtualized system.
[    0.000000] x86/PAT: Configuration [0-7]: WB  WT  UC- UC  WB  WT  UC- UC  
[    0.000000] found SMP MP-table at [mem 0x0009fff0-0x0009ffff]
[    0.000000] Scanning 1 areas for low memory corruption
[    0.000000] RAMDISK: [mem 0x0db01000-0x0ee12fff]
[    0.000000] ACPI: Early table checksum verification disabled
[    0.000000] ACPI: RSDP 0x00000000000E0000 000024 (v02 VBOX  )
[    0.000000] ACPI: XSDT 0x000000000FFF0030 00003C (v01 VBOX   VBOXXSDT 00000001 ASL  00000061)
[    0.000000] ACPI: FACP 0x000000000FFF00F0 0000F4 (v04 VBOX   VBOXFACP 00000001 ASL  00000061)
[    0.000000] ACPI: DSDT 0x000000000FFF0610 002353 (v02 VBOX   VBOXBIOS 00000002 INTL 20100528)
[    0.000000] ACPI: FACS 0x000000000FFF0200 000040
[    0.000000] ACPI: FACS 0x000000000FFF0200 000040
[    0.000000] ACPI: APIC 0x000000000FFF0240 000054 (v02 VBOX   VBOXAPIC 00000001 ASL  00000061)
[    0.000000] ACPI: SSDT 0x000000000FFF02A0 00036C (v01 VBOX   VBOXCPUT 00000002 INTL 20100528)
[    0.000000] ACPI: Reserving FACP table memory at [mem 0xfff00f0-0xfff01e3]
[    0.000000] ACPI: Reserving DSDT table memory at [mem 0xfff0610-0xfff2962]
[    0.000000] ACPI: Reserving FACS table memory at [mem 0xfff0200-0xfff023f]
[    0.000000] ACPI: Reserving FACS table memory at [mem 0xfff0200-0xfff023f]
[    0.000000] ACPI: Reserving APIC table memory at [mem 0xfff0240-0xfff0293]
[    0.000000] ACPI: Reserving SSDT table memory at [mem 0xfff02a0-0xfff060b]
[    0.000000] No NUMA configuration found
[    0.000000] Faking a node at [mem 0x0000000000000000-0x000000000ffeffff]
[    0.000000] NODE_DATA(0) allocated [mem 0x0ffc5000-0x0ffeffff]
[    0.000000] kvm-clock: cpu 0, msr 0:ff44001, primary cpu clock
[    0.000000] kvm-clock: Using msrs 4b564d01 and 4b564d00
[    0.000000] kvm-clock: using sched offset of 4701127189 cycles
[    0.000000] clocksource: kvm-clock: mask: 0xffffffffffffffff max_cycles: 0x1cd42e4dffb, max_idle_ns: 881590591483 ns
[    0.000000] Zone ranges:
[    0.000000]   DMA      [mem 0x0000000000001000-0x0000000000ffffff]
[    0.000000]   DMA32    [mem 0x0000000001000000-0x000000000ffeffff]
[    0.000000]   Normal   empty
[    0.000000]   Device   empty
[    0.000000] Movable zone start for each node
[    0.000000] Early memory node ranges
[    0.000000]   node   0: [mem 0x0000000000001000-0x000000000009efff]
[    0.000000]   node   0: [mem 0x0000000000100000-0x000000000ffeffff]
[    0.000000] Reserved but unavailable: 104 pages
[    0.000000] Initmem setup node 0 [mem 0x0000000000001000-0x000000000ffeffff]
[    0.000000] ACPI: PM-Timer IO Port: 0x4008
[    0.000000] IOAPIC[0]: apic_id 1, version 32, address 0xfec00000, GSI 0-23
[    0.000000] ACPI: INT_SRC_OVR (bus 0 bus_irq 0 global_irq 2 dfl dfl)
[    0.000000] ACPI: INT_SRC_OVR (bus 0 bus_irq 9 global_irq 9 low level)
[    0.000000] Using ACPI (MADT) for SMP configuration information
[    0.000000] smpboot: Allowing 1 CPUs, 0 hotplug CPUs
[    0.000000] PM: Registered nosave memory: [mem 0x00000000-0x00000fff]
[    0.000000] PM: Registered nosave memory: [mem 0x0009f000-0x0009ffff]
[    0.000000] PM: Registered nosave memory: [mem 0x000a0000-0x000effff]
[    0.000000] PM: Registered nosave memory: [mem 0x000f0000-0x000fffff]
[    0.000000] e820: [mem 0x10000000-0xfebfffff] available for PCI devices
[    0.000000] Booting paravirtualized kernel on KVM
[    0.000000] clocksource: refined-jiffies: mask: 0xffffffff max_cycles: 0xffffffff, max_idle_ns: 7645519600211568 ns
[    0.000000] setup_percpu: NR_CPUS:8192 nr_cpumask_bits:1 nr_cpu_ids:1 nr_node_ids:1
[    0.000000] percpu: Embedded 50 pages/cpu s167936 r8192 d28672 u2097152
[    0.000000] PV qspinlock hash table entries: 256 (order: 0, 4096 bytes)
[    0.000000] Built 1 zonelists, mobility grouping on.  Total pages: 64377
[    0.000000] Policy zone: DMA32
[    0.000000] Kernel command line: BOOT_IMAGE=/boot/vmlinuz-4.15.0-212-generic root=LABEL=cloudimg-rootfs ro console=tty1 console=ttyS0
[    0.000000] Memory: 208700K/261688K available (12300K kernel code, 2477K rwdata, 4324K rodata, 2480K init, 2720K bss, 52988K reserved, 0K cma-reserved)
[    0.000000] SLUB: HWalign=64, Order=0-3, MinObjects=0, CPUs=1, Nodes=1
[    0.000000] ftrace: allocating 39508 entries in 155 pages
[    0.004000] Hierarchical RCU implementation.
[    0.004000] 	RCU restricting CPUs from NR_CPUS=8192 to nr_cpu_ids=1.
[    0.004000] 	Tasks RCU enabled.
[    0.004000] RCU: Adjusting geometry for rcu_fanout_leaf=16, nr_cpu_ids=1
[    0.004000] NR_IRQS: 524544, nr_irqs: 256, preallocated irqs: 16
[    0.004000] random: crng init done
[    0.004000] Console: colour VGA+ 80x25
[    0.004000] console [tty1] enabled
[    0.004000] console [ttyS0] enabled
[    0.004000] ACPI: Core revision 20170831
[    0.004000] ACPI: 2 ACPI AML tables successfully acquired and loaded
[    0.004000] APIC: Switch to symmetric I/O mode setup
[    0.008000] ..TIMER: vector=0x30 apic1=0 pin1=2 apic2=-1 pin2=-1
[    0.008014] tsc: Detected 1497.599 MHz processor
[    0.012020] Calibrating delay loop (skipped) preset value.. 2995.19 BogoMIPS (lpj=5990396)
[    0.016013] pid_max: default: 32768 minimum: 301
[    0.020101] Security Framework initialized
[    0.024013] Yama: becoming mindful.
[    0.028071] AppArmor: AppArmor initialized
[    0.032111] Dentry cache hash table entries: 32768 (order: 6, 262144 bytes)
[    0.036076] Inode-cache hash table entries: 16384 (order: 5, 131072 bytes)
[    0.040043] Mount-cache hash table entries: 512 (order: 0, 4096 bytes)
[    0.044022] Mountpoint-cache hash table entries: 512 (order: 0, 4096 bytes)
[    0.052796] Last level iTLB entries: 4KB 0, 2MB 0, 4MB 0
[    0.056010] Last level dTLB entries: 4KB 0, 2MB 0, 4MB 0, 1GB 0
[    0.060015] Spectre V1 : Mitigation: usercopy/swapgs barriers and __user pointer sanitization
[    0.064013] Spectre V2 : Mitigation: Enhanced IBRS
[    0.068010] Spectre V2 : Spectre v2 / SpectreRSB mitigation: Filling RSB on context switch
[    0.072012] Spectre V2 : Spectre v2 / PBRSB-eIBRS: Retire a single CALL on VMEXIT
[    0.076022] RETBleed: Mitigation: Enhanced IBRS
[    0.080012] Speculative Store Bypass: Vulnerable
[    0.100000] Freeing SMP alternatives memory: 36K
[    0.216021] APIC calibration not consistent with PM-Timer: 103ms instead of 100ms
[    0.220000] APIC delta adjusted to PM-Timer: 6308860 (6500371)
[    0.220492] smpboot: CPU0: 11th Gen Intel(R) Core(TM) i5-1145G7 @ 2.60GHz (family: 0x6, model: 0x8c, stepping: 0x1)
[    0.224158] Performance Events: unsupported p6 CPU model 140 no PMU driver, software events only.
[    0.228097] Hierarchical SRCU implementation.
[    0.233320] NMI watchdog: Perf event create on CPU 0 failed with -2
[    0.236011] NMI watchdog: Perf NMI watchdog permanently disabled
[    0.240286] smp: Bringing up secondary CPUs ...
[    0.244012] smp: Brought up 1 node, 1 CPU
[    0.248008] smpboot: Max logical packages: 1
[    0.252010] smpboot: Total of 1 processors activated (2995.19 BogoMIPS)
[    0.256342] devtmpfs: initialized
[    0.260136] x86/mm: Memory block size: 128MB
[    0.264227] evm: security.selinux
[    0.268012] evm: security.SMACK64
[    0.272008] evm: security.SMACK64EXEC
[    0.276009] evm: security.SMACK64TRANSMUTE
[    0.280007] evm: security.SMACK64MMAP
[    0.284007] evm: security.apparmor
[    0.288008] evm: security.ima
[    0.292006] evm: security.capability
[    0.296227] clocksource: jiffies: mask: 0xffffffff max_cycles: 0xffffffff, max_idle_ns: 7645041785100000 ns
[    0.300034] futex hash table entries: 256 (order: 2, 16384 bytes)
[    0.304110] pinctrl core: initialized pinctrl subsystem
[    0.308681] RTC time: 23:12:01, date: 08/04/24
[    0.312282] NET: Registered protocol family 16
[    0.316162] audit: initializing netlink subsys (disabled)
[    0.320438] cpuidle: using governor ladder
[    0.324026] audit: type=2000 audit(1722813126.247:1): state=initialized audit_enabled=0 res=1
[    0.328022] cpuidle: using governor menu
[    0.332135] ACPI: bus type PCI registered
[    0.336014] acpiphp: ACPI Hot Plug PCI Controller Driver version: 0.5
[    0.340554] PCI: Using configuration type 1 for base access
[    0.345605] HugeTLB registered 2.00 MiB page size, pre-allocated 0 pages
[    0.348231] ACPI: Added _OSI(Module Device)
[    0.352007] ACPI: Added _OSI(Processor Device)
[    0.356008] ACPI: Added _OSI(3.0 _SCP Extensions)
[    0.360008] ACPI: Added _OSI(Processor Aggregator Device)
[    0.364029] ACPI: Added _OSI(Linux-Dell-Video)
[    0.368036] ACPI: Added _OSI(Linux-Lenovo-NV-HDMI-Audio)
[    0.372017] ACPI: Added _OSI(Linux-HPI-Hybrid-Graphics)
[    0.377364] ACPI: Executed 1 blocks of module-level executable AML code
[    0.392944] ACPI: Interpreter enabled
[    0.396039] ACPI: (supports S0 S5)
[    0.400012] ACPI: Using IOAPIC for interrupt routing
[    0.408075] PCI: Using host bridge windows from ACPI; if necessary, use "pci=nocrs" and report a bug
[    0.412519] ACPI: Enabled 2 GPEs in block 00 to 07
[    0.435750] ACPI: PCI Root Bridge [PCI0] (domain 0000 [bus 00-ff])
[    0.436023] acpi PNP0A03:00: _OSC: OS supports [ASPM ClockPM Segments MSI]
[    0.441402] acpi PNP0A03:00: _OSC: not requesting OS control; OS requires [ExtendedConfig ASPM ClockPM MSI]
[    0.444039] acpi PNP0A03:00: fail to add MMCONFIG information, can't access extended PCI configuration space under this bridge.
[    0.449108] PCI host bridge to bus 0000:00
[    0.452014] pci_bus 0000:00: root bus resource [io  0x0000-0x0cf7 window]
[    0.456011] pci_bus 0000:00: root bus resource [io  0x0d00-0xffff window]
[    0.460017] pci_bus 0000:00: root bus resource [mem 0x000a0000-0x000bffff window]
[    0.464018] pci_bus 0000:00: root bus resource [mem 0x10000000-0xfdffffff window]
[    0.468016] pci_bus 0000:00: root bus resource [bus 00-ff]
[    0.486119] pci 0000:00:01.1: legacy IDE quirk: reg 0x10: [io  0x01f0-0x01f7]
[    0.488017] pci 0000:00:01.1: legacy IDE quirk: reg 0x14: [io  0x03f6]
[    0.492018] pci 0000:00:01.1: legacy IDE quirk: reg 0x18: [io  0x0170-0x0177]
[    0.496021] pci 0000:00:01.1: legacy IDE quirk: reg 0x1c: [io  0x0376]
[    0.533958] pci 0000:00:07.0: quirk: [io  0x4000-0x403f] claimed by PIIX4 ACPI
[    0.536067] pci 0000:00:07.0: quirk: [io  0x4100-0x410f] claimed by PIIX4 SMB
[    0.557155] ACPI: PCI Interrupt Link [LNKA] (IRQs 5 9 10 *11)
[    0.561184] ACPI: PCI Interrupt Link [LNKB] (IRQs 5 9 *10 11)
[    0.564406] ACPI: PCI Interrupt Link [LNKC] (IRQs 5 *9 10 11)
[    0.568255] ACPI: PCI Interrupt Link [LNKD] (IRQs 5 9 10 *11)
[    0.573024] SCSI subsystem initialized
[    0.576248] pci 0000:00:02.0: vgaarb: setting as boot VGA device
[    0.580000] pci 0000:00:02.0: vgaarb: VGA device added: decodes=io+mem,owns=io+mem,locks=none
[    0.580015] pci 0000:00:02.0: vgaarb: bridge control possible
[    0.584009] vgaarb: loaded
[    0.588062] ACPI: bus type USB registered
[    0.592060] usbcore: registered new interface driver usbfs
[    0.596040] usbcore: registered new interface driver hub
[    0.600041] usbcore: registered new device driver usb
[    0.604175] EDAC MC: Ver: 3.0.0
[    0.613024] PCI: Using ACPI for IRQ routing
[    0.617184] NetLabel: Initializing
[    0.620008] NetLabel:  domain hash size = 128
[    0.624009] NetLabel:  protocols = UNLABELED CIPSOv4 CALIPSO
[    0.628050] NetLabel:  unlabeled traffic allowed by default
[    0.636278] clocksource: Switched to clocksource kvm-clock
[    0.704236] VFS: Disk quotas dquot_6.6.0
[    0.718134] VFS: Dquot-cache hash table entries: 512 (order 0, 4096 bytes)
[    0.729583] AppArmor: AppArmor Filesystem Enabled
[    0.737116] pnp: PnP ACPI init
[    0.745667] pnp: PnP ACPI: found 3 devices
[    0.761812] clocksource: acpi_pm: mask: 0xffffff max_cycles: 0xffffff, max_idle_ns: 2085701024 ns
[    0.777951] NET: Registered protocol family 2
[    0.785583] IP idents hash table entries: 4096 (order: 3, 32768 bytes)
[    0.796665] TCP established hash table entries: 2048 (order: 2, 16384 bytes)
[    0.811210] TCP bind hash table entries: 2048 (order: 3, 32768 bytes)
[    0.825732] TCP: Hash tables configured (established 2048 bind 2048)
[    0.838650] UDP hash table entries: 256 (order: 1, 8192 bytes)
[    0.849646] UDP-Lite hash table entries: 256 (order: 1, 8192 bytes)
[    0.857150] NET: Registered protocol family 1
[    0.862526] pci 0000:00:00.0: Limiting direct PCI/PCI transfers
[    0.870732] pci 0000:00:01.0: Activating ISA DMA hang workarounds
[    0.880364] pci 0000:00:02.0: Video device with shadowed ROM at [mem 0x000c0000-0x000dffff]
[    0.893743] Unpacking initramfs...
[    1.801686] Freeing initrd memory: 19528K
[    1.816336] clocksource: tsc: mask: 0xffffffffffffffff max_cycles: 0x1596467b3e4, max_idle_ns: 440795260276 ns
[    1.831921] platform rtc_cmos: registered platform RTC device (no PNP device found)
[    1.844105] Scanning for low memory corruption every 60 seconds
[    1.854694] Initialise system trusted keyrings
[    1.861835] Key type blacklist registered
[    1.869140] workingset: timestamp_bits=36 max_order=16 bucket_order=0
[    1.883096] zbud: loaded
[    1.887702] squashfs: version 4.0 (2009/01/31) Phillip Lougher
[    1.895920] fuse init (API version 7.26)
[    1.906972] Key type asymmetric registered
[    1.913273] Asymmetric key parser 'x509' registered
[    1.922053] Block layer SCSI generic (bsg) driver version 0.4 loaded (major 246)
[    1.938714] io scheduler noop registered
[    1.946717] io scheduler deadline registered
[    1.953859] io scheduler cfq registered (default)
[    1.961821] ACPI: AC Adapter [AC] (on-line)
[    1.969243] input: Power Button as /devices/LNXSYSTM:00/LNXPWRBN:00/input/input0
[    1.980714] ACPI: Power Button [PWRF]
[    1.987023] input: Sleep Button as /devices/LNXSYSTM:00/LNXSLPBN:00/input/input1
[    1.997876] ACPI: Sleep Button [SLPF]
[    2.006940] ACPI: Battery Slot [BAT0] (battery present)
[    2.017390] Serial: 8250/16550 driver, 32 ports, IRQ sharing enabled
[    2.081313] 00:02: ttyS0 at I/O 0x3f8 (irq = 4, base_baud = 115200) is a 16550A
[    2.100658] Linux agpgart interface v0.103
[    2.119681] loop: module loaded
[    2.131338] scsi host0: ata_piix
[    2.138177] scsi host1: ata_piix
[    2.144200] ata1: PATA max UDMA/33 cmd 0x1f0 ctl 0x3f6 bmdma 0xd000 irq 14
[    2.155916] ata2: PATA max UDMA/33 cmd 0x170 ctl 0x376 bmdma 0xd008 irq 15
[    2.175814] tun: Universal TUN/TAP device driver, 1.6
[    2.185985] PPP generic driver version 2.4.2
[    2.192588] ehci_hcd: USB 2.0 'Enhanced' Host Controller (EHCI) Driver
[    2.202889] ehci-pci: EHCI PCI platform driver
[    2.208288] ehci-platform: EHCI generic platform driver
[    2.214579] ohci_hcd: USB 1.1 'Open' Host Controller (OHCI) Driver
[    2.227152] ohci-pci: OHCI PCI platform driver
[    2.233379] ohci-platform: OHCI generic platform driver
[    2.239789] uhci_hcd: USB Universal Host Controller Interface driver
[    2.247581] i8042: PNP: PS/2 Controller [PNP0303:PS2K,PNP0f03:PS2M] at 0x60,0x64 irq 1,12
[    2.263945] serio: i8042 KBD port at 0x60,0x64 irq 1
[    2.273940] serio: i8042 AUX port at 0x60,0x64 irq 12
[    2.282476] mousedev: PS/2 mouse device common for all mice
[    2.294178] input: AT Translated Set 2 keyboard as /devices/platform/i8042/serio0/input/input2
[    2.305982] rtc_cmos rtc_cmos: rtc core: registered rtc_cmos as rtc0
[    2.314377] rtc_cmos rtc_cmos: alarms up to one day, 114 bytes nvram
[    2.323092] i2c /dev entries driver
[    2.328725] device-mapper: uevent: version 1.0.3
[    2.410903] device-mapper: ioctl: 4.37.0-ioctl (2017-09-20) initialised: dm-devel@redhat.com
[    2.424246] ledtrig-cpu: registered to indicate activity on CPUs
[    2.433992] NET: Registered protocol family 10
[    2.449291] Segment Routing with IPv6
[    2.456326] NET: Registered protocol family 17
[    2.466011] Key type dns_resolver registered
[    2.476625] mce: Using 0 MCE banks
[    2.482774] RAS: Correctable Errors collector initialized.
[    2.489010] sched_clock: Marking stable (2488927166, 0)->(4036979082, -1548051916)
[    2.499483] registered taskstats version 1
[    2.506258] Loading compiled-in X.509 certificates
[    2.518346] Loaded X.509 cert 'Build time autogenerated kernel key: b5b26778eaa3ab3a4a6cee031137706e947d12ad'
[    2.534111] Loaded X.509 cert 'Canonical Ltd. Live Patch Signing: 14df34d1a87cf37625abec039ef2bf521249b969'
[    2.547265] Loaded X.509 cert 'Canonical Ltd. Kernel Module Signing: 88f752e560a1e0737e31163a466ad7b70a850c19'
[    2.562840] blacklist: Loading compiled-in revocation X.509 certificates
[    2.575545] Loaded X.509 cert 'Canonical Ltd. Secure Boot Signing: 61482aa2830d0ab2ad5af10b7250da9033ddcef0'
[    2.587530] Loaded X.509 cert 'Canonical Ltd. Secure Boot Signing (2017): 242ade75ac4a15e50d50c84b0d45ff3eae707a03'
[    2.600446] Loaded X.509 cert 'Canonical Ltd. Secure Boot Signing (ESM 2018): 365188c1d374d6b07c3c8f240f8ef722433d6a8b'
[    2.616590] Loaded X.509 cert 'Canonical Ltd. Secure Boot Signing (2019): c0746fd6c5da3ae827864651ad66ae47fe24b3e8'
[    2.631367] Loaded X.509 cert 'Canonical Ltd. Secure Boot Signing (2021 v1): a8d54bbb3825cfb94fa13c9f8a594a195c107b8d'
[    2.654741] Loaded X.509 cert 'Canonical Ltd. Secure Boot Signing (2021 v2): 4cf046892d6fd3c9a5b03f98d845f90851dc6a8c'
[    2.672079] Loaded X.509 cert 'Canonical Ltd. Secure Boot Signing (2021 v3): 100437bb6de6e469b581e61cd66bce3ef4ed53af'
[    2.686962] Loaded X.509 cert 'Canonical Ltd. Secure Boot Signing (Ubuntu Core 2019): c1d57b8f6b743f23ee41f4f7ee292f06eecadfb9'
[    2.703907] zswap: loaded using pool lzo/zbud
[    2.719309] Key type big_key registered
[    2.726825] Key type trusted registered
[    2.736189] Key type encrypted registered
[    2.742040] AppArmor: AppArmor sha1 policy hashing enabled
[    2.748113] ima: No TPM chip found, activating TPM-bypass! (rc=-19)
[    2.755083] ima: Allocated hash algorithm: sha1
[    2.760699] evm: HMAC attrs: 0x1
[    2.764293]   Magic number: 4:920:250
[    2.767349] rtc_cmos rtc_cmos: setting system clock to 2024-08-04 23:12:04 UTC (1722813124)
[    2.780424] BIOS EDD facility v0.16 2004-Jun-25, 0 devices found
[    2.789600] EDD information not available.
[    2.803469] Freeing unused kernel image memory: 2480K
[    2.821457] Write protecting the kernel read-only data: 20480k
[    2.835686] Freeing unused kernel image memory: 2008K
[    2.846244] Freeing unused kernel image memory: 1820K
[    2.867843] x86/mm: Checked W+X mappings: passed, no W+X pages found.
Loading, please wait...
starting version 237
[    3.074841] e1000: Intel(R) PRO/1000 Network Driver - version 7.3.21-k8-NAPI
[    3.085645] e1000: Copyright (c) 1999-2006 Intel Corporation.
[    3.102583] Fusion MPT base driver 3.04.20
[    3.110273] Copyright (c) 1999-2008 LSI Corporation
[    3.189807] SSE version of gcm_enc/dec engaged.
[    3.251519] Fusion MPT SPI Host driver 3.04.20
[    3.426913] input: ImExPS/2 Generic Explorer Mouse as /devices/platform/i8042/serio1/input/input4
[    4.245697] e1000 0000:00:03.0 eth0: (PCI:33MHz:32-bit) 02:3b:7b:b7:3b:2d
[    4.256300] e1000 0000:00:03.0 eth0: Intel(R) PRO/1000 Network Connection
[    4.267899] mptbase: ioc0: Initiating bringup
[    4.387784] ioc0: LSI53C1030 A0: Capabilities={Initiator}
[    4.666481] scsi host2: ioc0: LSI53C1030 A0, FwRev=00000000h, Ports=1, MaxQ=256, IRQ=20
[    4.855165] scsi 2:0:0:0: Direct-Access     VBOX     HARDDISK         1.0  PQ: 0 ANSI: 5
[    4.874234] scsi target2:0:0: Beginning Domain Validation
[    4.890080] scsi target2:0:0: Domain Validation skipping write tests
[    4.897471] scsi target2:0:0: Ending Domain Validation
[    4.904980] scsi target2:0:0: asynchronous
[    4.913584] scsi 2:0:1:0: Direct-Access     VBOX     HARDDISK         1.0  PQ: 0 ANSI: 5
[    4.934456] scsi target2:0:1: Beginning Domain Validation
[    5.057597] scsi target2:0:1: Domain Validation skipping write tests
[    5.065586] scsi target2:0:1: Ending Domain Validation
[    5.082771] scsi target2:0:1: asynchronous
[    5.247232] sd 2:0:0:0: Attached scsi generic sg0 type 0
[    5.259444] sd 2:0:0:0: [sda] 83886080 512-byte logical blocks: (42.9 GB/40.0 GiB)
[    5.283107] sd 2:0:1:0: Attached scsi generic sg1 type 0
[    5.292029] sd 2:0:1:0: [sdb] 20480 512-byte logical blocks: (10.5 MB/10.0 MiB)
[    5.312506] sd 2:0:0:0: [sda] Write Protect is off
[    5.318797] sd 2:0:1:0: [sdb] Write Protect is off
[    5.344067] sd 2:0:0:0: [sda] Incomplete mode parameter data
[    5.352216] sd 2:0:0:0: [sda] Assuming drive cache: write through
[    5.359259] sd 2:0:1:0: [sdb] Incomplete mode parameter data
[    5.365956] sd 2:0:1:0: [sdb] Assuming drive cache: write through
[    5.399286] sd 2:0:1:0: [sdb] Attached SCSI disk
[    5.406121]  sda: sda1
[    5.421575] sd 2:0:0:0: [sda] Attached SCSI disk
[    5.944625] e1000 0000:00:08.0 eth1: (PCI:33MHz:32-bit) 08:00:27:ff:ea:d9
[    5.956444] e1000 0000:00:08.0 eth1: Intel(R) PRO/1000 Network Connection
[    5.969052] e1000 0000:00:08.0 enp0s8: renamed from eth1
[    5.995118] e1000 0000:00:03.0 enp0s3: renamed from eth0
Begin: Loading essential drivers ... [    8.632594] raid6: sse2x1   gen()  7187 MB/s
[    8.688175] raid6: sse2x1   xor()  4556 MB/s
[    8.740584] raid6: sse2x2   gen()  9741 MB/s
[    8.804098] raid6: sse2x2   xor()  7358 MB/s
[    8.857631] raid6: sse2x4   gen()  9676 MB/s
[    8.912286] raid6: sse2x4   xor()  5383 MB/s
[    8.920092] raid6: using algorithm sse2x2 gen() 9741 MB/s
[    8.928072] raid6: .... xor() 7358 MB/s, rmw enabled
[    8.933966] raid6: using ssse3x2 recovery algorithm
[    8.942114] xor: measuring software checksum speed
[    9.048101]    prefetch64-sse: 29391.000 MB/sec
[    9.153216]    generic_sse: 26561.000 MB/sec
[    9.160390] xor: using function: prefetch64-sse (29391.000 MB/sec)
[    9.173065] async_tx: api initialized (async)
done.
Begin: Running /scripts/init-premount ... done.
Begin: Mounting root file system ... Begin: Running /scripts/local-top ... done.
Begin: Running /scripts/local-premount ... [    9.293557] Btrfs loaded, crc32c=crc32c-intel
Scanning for Btrfs filesystems
done.
Warning: fsck not present, so skipping root file system
[    9.376014] EXT4-fs (sda1): mounted filesystem with ordered data mode. Opts: (null)
done.
Begin: Running /scripts/local-bottom ... done.
Begin: Running /scripts/init-bottom ... done.
[    9.752369] ip_tables: (C) 2000-2006 Netfilter Core Team
[    9.782455] systemd[1]: systemd 237 running in system mode. (+PAM +AUDIT +SELINUX +IMA +APPARMOR +SMACK +SYSVINIT +UTMP +LIBCRYPTSETUP +GCRYPT +GNUTLS +ACL +XZ +LZ4 +SECCOMP +BLKID +ELFUTILS +KMOD -IDN2 +IDN -PCRE2 default-hierarchy=hybrid)
[    9.813739] systemd[1]: Detected virtualization oracle.
[    9.821352] systemd[1]: Detected architecture x86-64.

Welcome to [1mUbuntu 18.04.6 LTS[0m!

[    9.835904] systemd[1]: Set hostname to <ubuntu>.
[    9.851121] systemd[1]: Initializing machine ID from random generator.
[    9.858243] systemd[1]: Installed transient /etc/machine-id file.
[   10.339845] systemd[1]: Created slice User and Session Slice.
[[0;32m  OK  [0m] Created slice User and Session Slice.
[   10.351899] systemd[1]: Reached target Mounting snaps.
[[0;32m  OK  [0m] Reached target Mounting snaps.
[   10.373093] systemd[1]: Set up automount Arbitrary Executable File Formats File System Automount Point.
[[0;32m  OK  [0m] Set up automount Arbitrary Executab…rmats File System Automount Point.
[   10.393238] systemd[1]: Reached target Swap.
[[0;32m  OK  [0m] Reached target Swap.
[[0;32m  OK  [0m] Created slice System Slice.
[[0;32m  OK  [0m] Listening on udev Control Socket.
[[0;32m  OK  [0m] Listening on Syslog Socket.
[[0;32m  OK  [0m] Listening on Journal Socket.
         Mounting Kernel Debug File System...
         Mounting Huge Pages File System...
[[0;32m  OK  [0m] Listening on Journal Audit Socket.
[[0;32m  OK  [0m] Reached target Slices.
         Starting Uncomplicated firewall...
[[0;32m  OK  [0m] Listening on Journal Socket (/dev/log).
         Mounting POSIX Message Queue File System...
[[0;32m  OK  [0m] Created slice system-serial\x2dgetty.slice.
[[0;32m  OK  [0m] Reached target Mounted snaps.
         Starting Create list of required st…ce nodes for the current kernel...
[[0;32m  OK  [0m] Listening on /dev/initctl Compatibility Named Pipe.
[[0;32m  OK  [0m] Listening on udev Kernel Socket.
[[0;32m  OK  [0m] Reached target System Time Synchronized.
[[0;32m  OK  [0m] Listening on LVM2 poll daemon socket.
[[0;32m  OK  [0m] Listening on Network Service Netlink Socket.
         Starting Load Kernel Modules...
[[0;32m  OK  [0m] Reached target User and Group Name Lookups.
[[0;32m  OK  [0m] Listening on fsck to fsckd communication Socket.
[   10.574460] Loading iSCSI transport class v2.0-870.
         Starting File System Check on Root Device...
[[0;32m  OK  [0m] Started Forward Password Requests to Wall Directory Watch.
[   10.608881] iscsi: registered transport (tcp)
[[0;32m  OK  [0m] Listening on LVM2 metadata daemon socket.
         Starting udev Coldplug all Devices...
         Starting Set the console keyboard layout...
         Starting Journal Service...
[[0;32m  OK  [0m] Listening on Device-mapper event daemon FIFOs.
         Starting Monitoring of LVM2 mirrors…ng dmeventd or progress polling...
[[0;32m  OK  [0m] Mounted Kernel Debug File System.
[[0;32m  OK  [0m] Mounted Huge Pages File System.
[[0;32m  OK  [0m] Started Uncomplicated firewall.
[[0;32m  OK  [0m] Mounted POSIX Message Queue File System.
[[0;32m  OK  [0m] Started Create list of required sta…vice nodes for the current kernel.
[[0;32m  OK  [0m] Started File System Check on Root Device.
[[0;32m  OK  [0m] Started LVM2 metadata daemon.
[[0;32m  OK  [0m] Started File System Check Daemon to report status.
         Starting Remount Root and Kernel File Systems...
         Starting Create Static Device Nodes in /dev...
[[0;32m  OK  [0m] Started Journal Service.
[[0;32m  OK  [0m] Started udev Coldplug all Devices.
[[0;32m  OK  [0m] Started Create Static Device Nodes in /dev.[   10.976402] EXT4-fs (sda1): re-mounted. Opts: (null)

[   10.989561] iscsi: registered transport (iser)
[[0;32m  OK  [0m] Started Remount Root and Kernel File Systems.
         Starting Load/Save Random Seed...
         Starting Flush Journal to Persistent Storage...
         Starting udev Kernel Device Manager...
[[0;32m  OK  [0m] Started Load Kernel Modules.
[[0;32m  OK  [0m] Started Monitoring of LVM2 mirrors,…sing dmeventd or progress polling.
         Starting Apply Kernel Variables...
         Mounting FUSE Control File System...
         Mounting Kernel Configuration File System...
[[0;32m  OK  [0m] Started Load/Save Random Seed.
[[0;32m  OK  [0m] Mounted FUSE Control File System.
[[0;32m  OK  [0m] Mounted Kernel Configuration File System.
[   11.352534] systemd-journald[397]: Received request to flush runtime journal from PID 1
[[0;32m  OK  [0m] Started udev Kernel Device Manager.
[[0;32m  OK  [0m] Started Apply Kernel Variables.
[[0;32m  OK  [0m] Started Flush Journal to Persistent Storage.
[[0;32m  OK  [0m] Found device /dev/ttyS0.
[[0;32m  OK  [0m] Listening on Load/Save RF Kill Switch Status /dev/rfkill Watch.
[[0;32m  OK  [0m] Started Set the console keyboard layout.
         Mounting Arbitrary Executable File Formats File System...
[[0;32m  OK  [0m] Started Dispatch Password Requests to Console Directory Watch.
[[0;32m  OK  [0m] Reached target Local Encrypted Volumes.
[[0;32m  OK  [0m] Reached target Local File Systems (Pre).
[[0;32m  OK  [0m] Reached target Local File Systems.
         Starting ebtables ruleset management...
         Starting Commit a transient machine-id on disk...
         Starting Tell Plymouth To Write Out Runtime Data...
         Starting AppArmor initialization...
         Starting Create Volatile Files and Directories...
         Starting Set console font and keymap...
[[0;32m  OK  [0m] Mounted Arbitrary Executable File Formats File System.
[[0;32m  OK  [0m] Started Commit a transient machine-id on disk.
[[0;32m  OK  [0m] Started Tell Plymouth To Write Out Runtime Data.
[[0;32m  OK  [0m] Started Create Volatile Files and Directories.
         Starting Update UTMP about System Boot/Shutdown...
[[0;32m  OK  [0m] Started ebtables ruleset management.
[[0;32m  OK  [0m] Started Update UTMP about System Boot/Shutdown.
[[0;32m  OK  [0m] Started AppArmor initialization.
         Starting Initial cloud-init job (pre-networking)...
         Starting Load AppArmor profiles managed internally by snapd...
[[0;32m  OK  [0m] Started Load AppArmor profiles managed internally by snapd.
[[0;32m  OK  [0m] Started Set console font and keymap.
[   19.970592] cloud-init[748]: Cloud-init v. 23.1.2-0ubuntu0~18.04.1 running 'init-local' at Sun, 04 Aug 2024 23:12:21 +0000. Up 19.42 seconds.
[[0;32m  OK  [0m] Started Initial cloud-init job (pre-networking).
[[0;32m  OK  [0m] Reached target Network (Pre).
         Starting Network Service...
[[0;32m  OK  [0m] Started Network Service.
         Starting Network Name Resolution...
         Starting Wait for Network to be Configured...
[[0;32m  OK  [0m] Started Network Name Resolution.
[[0;32m  OK  [0m] Reached target Network.
[[0;32m  OK  [0m] Reached target Host and Network Name Lookups.
[[0;32m  OK  [0m] Started Wait for Network to be Configured.
         Starting Initial cloud-init job (metadata service crawler)...
[   22.342869] cloud-init[897]: Cloud-init v. 23.1.2-0ubuntu0~18.04.1 running 'init' at Sun, 04 Aug 2024 23:12:23 +0000. Up 22.08 seconds.
[   22.367909] cloud-init[897]: ci-info: ++++++++++++++++++++++++++++++++++++++Net device info+++++++++++++++++++++++++++++++++++++++
[   22.391079] cloud-init[897]: ci-info: +--------+-------+----------------------------+---------------+--------+-------------------+
[   22.413837] cloud-init[897]: ci-info: | Device |   Up  |          Address           |      Mask     | Scope  |     Hw-Address    |
[   22.437852] cloud-init[897]: ci-info: +--------+-------+----------------------------+---------------+--------+-------------------+
[   22.457121] cloud-init[897]: ci-info: | enp0s3 |  True |         10.0.2.15          | 255.255.255.0 | global | 02:3b:7b:b7:3b:2d |
[   22.473832] cloud-init[897]: ci-info: | enp0s3 |  True | fe80::3b:7bff:feb7:3b2d/64 |       .       |  link  | 02:3b:7b:b7:3b:2d |
[   22.493424] cloud-init[897]: ci-info: | enp0s8 | False |             .              |       .       |   .    | 08:00:27:ff:ea:d9 |
[   22.508430] cloud-init[897]: ci-info: |   lo   |  True |         127.0.0.1          |   255.0.0.0   |  host  |         .         |
[   22.526084] cloud-init[897]: ci-info: |   lo   |  True |          ::1/128           |       .       |  host  |         .         |
[   22.538878] cloud-init[897]: ci-info: +--------+-------+----------------------------+---------------+--------+-------------------+
[   22.550516] cloud-init[897]: ci-info: ++++++++++++++++++++++++++++Route IPv4 info+++++++++++++++++++++++++++++
[   22.560881] cloud-init[897]: ci-info: +-------+-------------+----------+-----------------+-----------+-------+
[   22.570675] cloud-init[897]: ci-info: | Route | Destination | Gateway  |     Genmask     | Interface | Flags |
[   22.579508] cloud-init[897]: ci-info: +-------+-------------+----------+-----------------+-----------+-------+
[   22.587108] cloud-init[897]: ci-info: |   0   |   0.0.0.0   | 10.0.2.2 |     0.0.0.0     |   enp0s3  |   UG  |
[   22.597376] cloud-init[897]: ci-info: |   1   |   10.0.2.0  | 0.0.0.0  |  255.255.255.0  |   enp0s3  |   U   |
[   22.607037] cloud-init[897]: ci-info: |   2   |   10.0.2.2  | 0.0.0.0  | 255.255.255.255 |   enp0s3  |   UH  |
[   22.627957] cloud-init[897]: ci-info: +-------+-------------+----------+-----------------+-----------+-------+
[   22.642199] cloud-init[897]: ci-info: +++++++++++++++++++Route IPv6 info+++++++++++++++++++
[   22.654581] cloud-init[897]: ci-info: +-------+-------------+---------+-----------+-------+
[   22.671460] cloud-init[897]: ci-info: | Route | Destination | Gateway | Interface | Flags |
[   22.691658] cloud-init[897]: ci-info: +-------+-------------+---------+-----------+-------+
[   22.712518] cloud-init[897]: ci-info: |   1   |  fe80::/64  |    ::   |   enp0s3  |   U   |
[   22.732684] cloud-init[897]: ci-info: |   3   |    local    |    ::   |   enp0s3  |   U   |
[   22.777822] cloud-init[897]: ci-info: |   4   |   ff00::/8  |    ::   |   enp0s3  |   U   |
[   22.791800] cloud-init[897]: ci-info: +-------+-------------+---------+-----------+-------+
[   23.935875] cloud-init[897]: Generating public/private rsa key pair.
[   23.953790] cloud-init[897]: Your identification has been saved in /etc/ssh/ssh_host_rsa_key.
[   23.969932] cloud-init[897]: Your public key has been saved in /etc/ssh/ssh_host_rsa_key.pub.
[   23.988362] cloud-init[897]: The key fingerprint is:
[   24.000630] cloud-init[897]: SHA256:uvUqd18iI83XcOBsWwdiZf7fmk59hAeA4lzF6KHe9TI root@ubuntu-bionic
[   24.025181] cloud-init[897]: The key's randomart image is:
[   24.043528] cloud-init[897]: +---[RSA 2048]----+
[   24.065356] cloud-init[897]: |           =o o  |
[   24.086647] cloud-init[897]: |        . = .=   |
[   24.103878] cloud-init[897]: |       o = .+ +  |
[   24.114013] cloud-init[[0;32m  OK  [0m] Started Initial cloud-init job (metadata service crawler).[897]: |        + .+.o = |

[[0;32m  OK  [0m] [   24.128980] cloud-init[897]: |       .S. .=.+ =|Reached target Network is Online.
         Starting Availability of block devices...
[   24.145371] cloud-init[897]: |       ..o..E*.=o|
[[0;32m  OK  [0m] Reached target Remote File Systems (Pre).
[[0;32m  OK  [0m] Reached target Remote File Systems.
[
[   24.174134] cloud-init[897]: [0;32m  OK  [0m] Reached target Cloud-config availability.
[[0;32m  OK  [0m] |      . o = +o+ =|
Reached target System Initialization.
[[0;32m  OK  [0m[   24.200814] cloud-init[897]: |      .o.o.+ + o.|] Listening on UUID daemon activation socket.
         Starting Socket activation for snappy daemon.
[   24.219303] 
[[0;32m  OK  [0m] Started ACPI Events Check.cloud-init
[[0;32m  OK  [0m[897]: ] Reached target Paths.
|      .o.o....+  |
[   24.251583] [[0;32m  OK  [0m] Started Message of the Day.cloud-init[897]: +----[SHA256]-----+
[   24.263972] 
[[0;32m  OK  [0m] Listening on D-Bus System Message Bus Socket.
cloud-init[897]: Generating public/private dsa key pair.[[0;32m  OK  [0m] 
[   24.282064] cloud-init[897]: Listening on Open-iSCSI iscsid Socket.
[Your identification has been saved in /etc/ssh/ssh_host_dsa_key.[0;32m  OK  [0m] 
[   24.298129] cloud-init[897]: Listening on ACPID Listen Socket.
[[0;32m  OK  [0m] Started Discard unused blocks once a week.Your public key has been saved in /etc/ssh/ssh_host_dsa_key.pub.
[   24.315927] 
cloud-init         Starting LXD - unix socket.
[[897]: The key fingerprint is:
[0;32m  OK  [0m] Listening on cloud-init hotplug hook socket.[   24.349801] cloud-init
[[0;32m  OK  [0m[897]: ] Started Ubuntu Advantage Timer for running repeated jobs.
SHA256:Ybdbvk7HP6lGBSFZNCaFGACi+1C344/3535X4SFtPG8 root@ubuntu-bionic[[0;32m  OK  [0m] Started Daily Cleanup of Temporary Directories.
[   24.377811] cloud-init[897]: 
[[0;32m  OK  [0m] The key's randomart image is:
[   24.391910] Started Daily apt download activities.
[cloud-init[897]: +---[DSA 1024]----+
[0;32m  OK  [0m] Started Daily apt upgrade and clean activities.[   24.405503] cloud-init
[[0;32m  OK  [0m[897]: |   . .....oo*B.  |
[   24.415681] ] Reached target Timers.
cloud-init[897]: |  . .    . o+..  |[[0;32m  OK  [0m] Started Availability of block devices.
[   24.430452] cloud-init[897]: | . . .  o .   +  |
[   24.435363] 
[[0;32m  OK  [0m] Listening on Socket activation for snappy daemon.
[[0;32m  OK  [0mcloud-init[897]: |  o . .. o . . O |
] Listening on LXD - unix socket.
[[0;32m  OK  [0m[   24.466085] cloud-init] Reached target Sockets.
[[0;32m  OK  [0m] [897]: | o   o  S . . = =|
[   24.480057] Reached target Basic System.
cloud-init         [897]: |  o . .    + o .E|
Starting Login Service...
         Starting LSB: automatic crash report generation...
         [   24.527427] Starting Pollinate to seed the pseudo random number generator...
cloud-init[897]: |   . .    . + o.o|[[0;32m  OK  [0m] Started Regular background program processing daemon.
         Starting Permit User Sessions...

         Starting LSB: Record successful boot for GRUB...
         Starting Accounts Service...
         Starting LXD - container startup/shutdown...
[[0;32m  OK  [0m] Reached target Login Prompts (Pre).
         Starting Virtualbox guest utils...
[   24.651947] [[0;32m  OK  [0m] Started FUSE filesystem for LXC.
cloud-init[897]: |      o.   o = = |
[   24.715464] cloud-init[897]: |     .....++=.o o|
[   24.739305] cloud-init[897]: +----[SHA256]-----+
[   24.760845] cloud-init[897]: Generating public/private ecdsa key pair.         Starting Snap Daemon...

[[0;32m  OK  [0m] Started Deferred execution scheduler.
[[0;32m  OK  [0m] [   24.833698] Started D-Bus System Message Bus.
cloud-init[897]: Your identification has been saved in /etc/ssh/ssh_host_ecdsa_key.
[   24.867042] cloud-init[897]: Your public key has been saved in /etc/ssh/ssh_host_ecdsa_key.pub.
[   24.897336] cloud-init[897]: The key fingerprint is:
[   24.911469] cloud-init[897]: SHA256:Hpafb8LsluVNAWhaIArrAcSyXt+6Yh1dfR5pUDFH3Xs root@ubuntu-bionic
[   24.934668] cloud-init[897]: The key's randomart image is:
[   24.965276] cloud-init[897]: +---[ECDSA 256]---+
[   24.986667] cloud-init[897]: |+..   . .. ..+ooo|
[   25.010614] cloud-init[897]: |.o o . .  +.. o o|
[   25.037617] cloud-init[897]: |..o .    +. ... .|[[0;32m  OK  [0m] Started Login Service.

[   25.095481] cloud-init[897]: |.. o    .o . =..E|
[   25.130741] cloud-init[897]: |. o . o S   + ...|
[   25.159502] [[0;32m  OK  [0mcloud-init] Started irqbalance daemon.
[[0;32m  OK  [0m[897]: ] Started Unattended Upgrades Shutdown.
         Starting System Logging Service...
| .   o = o ....  |
[   25.217288] cloud-init[897]: |    . o .oo+ o   |
[   25.259405] cloud-init[897]: |   o o    *.o .  |
[   25.315396] cloud-init[897]: |  . ...  o.o.    |
[   25.352430] cloud-init[897]: +----[SHA256]-----+
         Starting Dispatcher daemon for systemd-networkd...
[   25.404025] cloud-init[[0;32m  OK  [0m] Started Permit User Sessions.
[[0;32m  OK  [0m] Started LXD - container startup/shutdown.
[897]: Generating public/private ed25519 key pair.         Starting Authorization Manager...
         Starting Terminate Plymouth Boot Screen...
         Starting Hold until boot process finishes up...
[[0;32m  OK  [0m] Started Hold until boot process finishes up.
[[0;32m  OK  [0m] Started Terminate Plymouth Boot Screen.
         Starting Set console scheme...
[   25.611978] 
[[0;32m  OK  [0m] Started Serial Getty on ttyS0.
[[0;32m  OK  [0m] Started System Logging Service.
cloud-init[897]: Your identification has been saved in /etc/ssh/ssh_host_ed25519_key.
[   25.691649] cloud-init[897]: Your public key has been saved in /etc/ssh/ssh_host_ed25519_key.pub.
[   25.737892] cloud-init[897]: The key fingerprint is:
[   25.766892] [[0;32m  OK  [0m] Started Set console scheme.
[cloud-init[0;32m  OK  [0m] Created slice system-getty.slice.
[[0;32m  OK  [0m] Started Getty on tty1.
[[0;32m  OK  [0m] Reached target Login Prompts.[897]: 
[[0;32m  OK  [0mSHA256:GtMG5krut1fbnaBmIT1EkRph7a0MmuXjs54x2wPXCu0 root@ubuntu-bionic] Started LSB: automatic crash report generation.
[[0;32m  OK  [0m] Started Authorization Manager.

[[0;32m  OK  [0m] Started Accounts Service.
[   25.894352] cloud-init[897]: The key's randomart image is:
[   25.927544] cloud-init[897]: +--[ED25519 256]--+
[   25.971550] cloud-init[897]: |        oo.o     |
[   25.985558] cloud-init[897]: |       .. +      |
[   26.021135] cloud-init[897]: |      o  = .     |
[   26.052374] cloud-init[897]: |     o o+ o .    |[[0;32m  OK  [0m] Started LSB: Record successful boot for GRUB.

[   26.109843] cloud-init[897]: |    . +=S* o     |
[   26.144945] cloud-init[897]: |   o .o=* X o    |
[   26.179542] cloud-init[897]: |    o ..oO B o . |
[   26.207812] cloud-init[897]: |   .  . +*E . o  |
[   26.240353] cloud-init[897]: |    ...+==..     |
[   26.331349] cloud-init[897]: +----[SHA256]-----+
[[0;32m  OK  [0m] Started Virtualbox guest utils.
[[0;32m  OK  [0m] Started Dispatcher daemon for systemd-networkd.
[[0;32m  OK  [0m] Started Snap Daemon.
         Starting Wait until snapd is fully seeded...
[[0;32m  OK  [0m] Started Pollinate to seed the pseudo random number generator.
         Starting OpenBSD Secure Shell server...
[[0;32m  OK  [0m] Started OpenBSD Secure Shell server.
[[0;32m  OK  [0m] Created slice User Slice of vagrant.
         Starting User Manager for UID 1000...
[[0;32m  OK  [0m] Started Session 1 of user vagrant.
[[0;32m  OK  [0m] Started User Manager for UID 1000.
         Starting Time & Date Service...
[[0;32m  OK  [0m] Started Time & Date Service.

Ubuntu 18.04.6 LTS ubuntu-bionic ttyS0

ubuntu-bionic login: [   40.269920] cloud-init[1427]: Cloud-init v. 23.1.2-0ubuntu0~18.04.1 running 'modules:config' at Sun, 04 Aug 2024 23:12:40 +0000. Up 38.62 seconds.
ci-info: no authorized SSH keys fingerprints found for user ubuntu.
<14>Aug  4 23:12:44 cloud-init: #############################################################
<14>Aug  4 23:12:44 cloud-init: -----BEGIN SSH HOST KEY FINGERPRINTS-----
<14>Aug  4 23:12:44 cloud-init: 1024 SHA256:Ybdbvk7HP6lGBSFZNCaFGACi+1C344/3535X4SFtPG8 root@ubuntu-bionic (DSA)
<14>Aug  4 23:12:44 cloud-init: 256 SHA256:Hpafb8LsluVNAWhaIArrAcSyXt+6Yh1dfR5pUDFH3Xs root@ubuntu-bionic (ECDSA)
<14>Aug  4 23:12:44 cloud-init: 256 SHA256:GtMG5krut1fbnaBmIT1EkRph7a0MmuXjs54x2wPXCu0 root@ubuntu-bionic (ED25519)
<14>Aug  4 23:12:44 cloud-init: 2048 SHA256:uvUqd18iI83XcOBsWwdiZf7fmk59hAeA4lzF6KHe9TI root@ubuntu-bionic (RSA)
<14>Aug  4 23:12:44 cloud-init: -----END SSH HOST KEY FINGERPRINTS-----
<14>Aug  4 23:12:44 cloud-init: #############################################################
-----BEGIN SSH HOST KEY KEYS-----
ecdsa-sha2-nistp256 AAAAE2VjZHNhLXNoYTItbmlzdHAyNTYAAAAIbmlzdHAyNTYAAABBBADkhNg+S2IF2brUKzrFSK3g2HG2P0lNcSFFvNYS6+9R5CbLc+myWuLy4KnuDYkniKPvG/cX8s6q0v9QzgY7ElQ= root@ubuntu-bionic
ssh-ed25519 AAAAC3NzaC1lZDI1NTE5AAAAIGWt4ZxotDpGr1ojdCjiAvaQeYwc/T2raJlcmgSeCS92 root@ubuntu-bionic
ssh-rsa AAAAB3NzaC1yc2EAAAADAQABAAABAQCmL7joRrxPZnXfwxwi+CHEg4pjAbyYdlg9rPF6xe4nzp+KROBwIn4jK6pIy5HJEFc7UB0AkwjGEJ6QQiln9QaR9lm+4UccXZIwBMsNFPlZ/1cskoKHmwm124guo+J1t6/bWPr5kkURmI+NuGFi+XooOL8+TUOjv88gP3+kjFYRfah00jWJwJK2NkqTIYFhRMVgzVpoITlxR1NCV1y2zp1ipKSfHxAqHG7IZDSLIwtjNJ4lLavEvMHUIsf4LnOx2wdmA5cnJUlUa6hxdhFY9pZyUPJ4Ty3EysHk9RBniYv4tFBx0MUP2rdqXkdA6wgM1ZyciStanMyjCVlwm8eJUSNx root@ubuntu-bionic
-----END SSH HOST KEY KEYS-----
[   42.898965] cloud-init[1618]: Cloud-init v. 23.1.2-0ubuntu0~18.04.1 running 'modules:final' at Sun, 04 Aug 2024 23:12:44 +0000. Up 42.33 seconds.
[   42.924703] cloud-init[1618]: Cloud-init v. 23.1.2-0ubuntu0~18.04.1 finished at Sun, 04 Aug 2024 23:12:44 +0000. Datasource DataSourceNoCloud [seed=/dev/sdb][dsmode=net].  Up 42.88 seconds
